
-------------- Error (2022-02-23 12:25:49.0299) --------------

         Call Site: PackageTrackingApp.Api.Program.Main
         Exception Type: System.ArgumentException
         Exception Message: String cannot have zero length.
         Stack Trace:    at System.Reflection.AssemblyName..ctor(String assemblyName)
   at System.Reflection.Assembly.Load(String assemblyString)
   at PackageTrackingApp.Api.Startup.ConfigureContainer(ContainerBuilder builder) in C:\Users\dravi\source\repos\PackageTrackingApp\PackageTrackingApp.Api\Startup.cs:line 59
   at System.RuntimeMethodHandle.InvokeMethod(Object target, Object[] arguments, Signature sig, Boolean constructor, Boolean wrapExceptions)
   at System.Reflection.RuntimeMethodInfo.Invoke(Object obj, BindingFlags invokeAttr, Binder binder, Object[] parameters, CultureInfo culture)
   at Microsoft.AspNetCore.Hosting.ConfigureContainerBuilder.InvokeCore(Object instance, Object container)
   at Microsoft.AspNetCore.Hosting.ConfigureContainerBuilder.<>c__DisplayClass10_0.<Invoke>g__StartupConfigureContainer|0(Object containerBuilder)
   at Microsoft.AspNetCore.Hosting.ConfigureContainerBuilder.Invoke(Object instance, Object container)
   at Microsoft.AspNetCore.Hosting.ConfigureContainerBuilder.<>c__DisplayClass8_0.<Build>b__0(Object container)
   at Microsoft.AspNetCore.Hosting.GenericWebHostBuilder.ConfigureContainerImpl[TContainer](HostBuilderContext context, TContainer container)
   at Microsoft.Extensions.Hosting.Internal.ConfigureContainerAdapter`1.ConfigureContainer(HostBuilderContext hostContext, Object containerBuilder)
   at Microsoft.Extensions.Hosting.HostBuilder.CreateServiceProvider()
   at Microsoft.Extensions.Hosting.HostBuilder.Build()
   at PackageTrackingApp.Api.Program.Main(String[] args) in C:\Users\dravi\source\repos\PackageTrackingApp\PackageTrackingApp.Api\Program.cs:line 24
         Additional Info: Error init


-------------- Error (2022-02-23 13:06:54.2974) --------------

         Call Site: Microsoft.AspNetCore.Diagnostics.DeveloperExceptionPageMiddleware.Invoke
         Exception Type: AutoMapper.AutoMapperMappingException
         Exception Message: Error mapping types.

Mapping types:
IEnumerable`1 -> IEnumerable`1
System.Collections.Generic.IEnumerable`1[[PackageTrackingApp.Core.Domains.Package, PackageTrackingApp.Core, Version=1.0.0.0, Culture=neutral, PublicKeyToken=null]] -> System.Collections.Generic.IEnumerable`1[[PackageTrackingApp.Infrastructure.DTOs.PackageDto, PackageTrackingApp.Infrastructure, Version=1.0.0.0, Culture=neutral, PublicKeyToken=null]]
         Stack Trace:    at lambda_method503(Closure , IEnumerable`1 , IEnumerable`1 , ResolutionContext )
   at PackageTrackingApp.Infrastructure.Services.PackageService.GetAllAsync() in C:\Users\dravi\source\repos\PackageTrackingApp\PackageTrackingApp.Infrastructure\Services\PackageService.cs:line 57
   at PackageTrackingApp.Api.Controllers.PackageController.Get() in C:\Users\dravi\source\repos\PackageTrackingApp\PackageTrackingApp.Api\Controllers\PackageController.cs:line 53
   at lambda_method432(Closure , Object )
   at Microsoft.AspNetCore.Mvc.Infrastructure.ActionMethodExecutor.TaskOfActionResultExecutor.Execute(IActionResultTypeMapper mapper, ObjectMethodExecutor executor, Object controller, Object[] arguments)
   at Microsoft.AspNetCore.Mvc.Infrastructure.ControllerActionInvoker.<InvokeActionMethodAsync>g__Awaited|12_0(ControllerActionInvoker invoker, ValueTask`1 actionResultValueTask)
   at Microsoft.AspNetCore.Mvc.Infrastructure.ControllerActionInvoker.<InvokeNextActionFilterAsync>g__Awaited|10_0(ControllerActionInvoker invoker, Task lastTask, State next, Scope scope, Object state, Boolean isCompleted)
   at Microsoft.AspNetCore.Mvc.Infrastructure.ControllerActionInvoker.Rethrow(ActionExecutedContextSealed context)
   at Microsoft.AspNetCore.Mvc.Infrastructure.ControllerActionInvoker.Next(State& next, Scope& scope, Object& state, Boolean& isCompleted)
   at Microsoft.AspNetCore.Mvc.Infrastructure.ControllerActionInvoker.InvokeInnerFilterAsync()
--- End of stack trace from previous location ---
   at Microsoft.AspNetCore.Mvc.Infrastructure.ResourceInvoker.<InvokeFilterPipelineAsync>g__Awaited|19_0(ResourceInvoker invoker, Task lastTask, State next, Scope scope, Object state, Boolean isCompleted)
   at Microsoft.AspNetCore.Mvc.Infrastructure.ResourceInvoker.<InvokeAsync>g__Awaited|17_0(ResourceInvoker invoker, Task task, IDisposable scope)
   at Microsoft.AspNetCore.Routing.EndpointMiddleware.<Invoke>g__AwaitRequestTask|6_0(Endpoint endpoint, Task requestTask, ILogger logger)
   at Microsoft.AspNetCore.Authorization.AuthorizationMiddleware.Invoke(HttpContext context)
   at Swashbuckle.AspNetCore.SwaggerUI.SwaggerUIMiddleware.Invoke(HttpContext httpContext)
   at Swashbuckle.AspNetCore.Swagger.SwaggerMiddleware.Invoke(HttpContext httpContext, ISwaggerProvider swaggerProvider)
   at Microsoft.AspNetCore.Diagnostics.DeveloperExceptionPageMiddleware.Invoke(HttpContext context)
         Additional Info: An unhandled exception has occurred while executing the request.


-------------- Error (2022-02-23 13:11:19.7009) --------------

         Call Site: Microsoft.EntityFrameworkCore.Diagnostics.EventDefinition`6.Log
         Exception Type: 
         Exception Message: 
         Stack Trace: 
         Additional Info: Failed executing DbCommand (90ms) [Parameters=[@p0='?' (DbType = Guid), @p1='?' (DbType = Int32), @p2='?' (DbType = Guid), @p3='?' (DbType = DateTime2), @p4='?' (DbType = Single), @p5='?' (DbType = Boolean), @p6='?' (DbType = Boolean), @p7='?' (DbType = Single), @p8='?' (Size = 4000), @p9='?' (DbType = Guid), @p10='?' (DbType = Single), @p11='?' (DbType = Single)], CommandType='Text', CommandTimeout='30']
SET NOCOUNT ON;
INSERT INTO [Packages] ([Guid], [Category], [CustomerGuid], [DeliveredAt], [Height], [IsDelivered], [IsPaid], [Length], [Name], [SellerGuid], [Weight], [Width])
VALUES (@p0, @p1, @p2, @p3, @p4, @p5, @p6, @p7, @p8, @p9, @p10, @p11);


-------------- Error (2022-02-23 13:11:19.8548) --------------

         Call Site: Microsoft.EntityFrameworkCore.Diagnostics.EventDefinition`3.Log
         Exception Type: Microsoft.EntityFrameworkCore.DbUpdateException
         Exception Message: An error occurred while updating the entries. See the inner exception for details.
         Stack Trace:    at Microsoft.EntityFrameworkCore.Update.ReaderModificationCommandBatch.ExecuteAsync(IRelationalConnection connection, CancellationToken cancellationToken)
   at Microsoft.EntityFrameworkCore.Update.Internal.BatchExecutor.ExecuteAsync(IEnumerable`1 commandBatches, IRelationalConnection connection, CancellationToken cancellationToken)
   at Microsoft.EntityFrameworkCore.Update.Internal.BatchExecutor.ExecuteAsync(IEnumerable`1 commandBatches, IRelationalConnection connection, CancellationToken cancellationToken)
   at Microsoft.EntityFrameworkCore.Update.Internal.BatchExecutor.ExecuteAsync(IEnumerable`1 commandBatches, IRelationalConnection connection, CancellationToken cancellationToken)
   at Microsoft.EntityFrameworkCore.ChangeTracking.Internal.StateManager.SaveChangesAsync(IList`1 entriesToSave, CancellationToken cancellationToken)
   at Microsoft.EntityFrameworkCore.ChangeTracking.Internal.StateManager.SaveChangesAsync(DbContext _, Boolean acceptAllChangesOnSuccess, CancellationToken cancellationToken)
   at Microsoft.EntityFrameworkCore.SqlServer.Storage.Internal.SqlServerExecutionStrategy.ExecuteAsync[TState,TResult](TState state, Func`4 operation, Func`4 verifySucceeded, CancellationToken cancellationToken)
   at Microsoft.EntityFrameworkCore.DbContext.SaveChangesAsync(Boolean acceptAllChangesOnSuccess, CancellationToken cancellationToken)
         Additional Info: An exception occurred in the database while saving changes for context type 'PackageTrackingApp.Core.Domain.PackageTrackingContext'.
Microsoft.EntityFrameworkCore.DbUpdateException: An error occurred while updating the entries. See the inner exception for details.
 ---> Microsoft.Data.SqlClient.SqlException (0x80131904): The INSERT statement conflicted with the FOREIGN KEY constraint "FK_Packages_Users_CustomerGuid". The conflict occurred in database "PackageTrackingDbV2", table "dbo.Users", column 'Guid'.
The statement has been terminated.
   at Microsoft.Data.SqlClient.SqlCommand.<>c.<ExecuteDbDataReaderAsync>b__169_0(Task`1 result)
   at System.Threading.Tasks.ContinuationResultTaskFromResultTask`2.InnerInvoke()
   at System.Threading.Tasks.Task.<>c.<.cctor>b__277_0(Object obj)
   at System.Threading.ExecutionContext.RunInternal(ExecutionContext executionContext, ContextCallback callback, Object state)
--- End of stack trace from previous location ---
   at System.Threading.Tasks.Task.ExecuteWithThreadLocal(Task& currentTaskSlot, Thread threadPoolThread)
--- End of stack trace from previous location ---
   at Microsoft.EntityFrameworkCore.Storage.RelationalCommand.ExecuteReaderAsync(RelationalCommandParameterObject parameterObject, CancellationToken cancellationToken)
   at Microsoft.EntityFrameworkCore.Storage.RelationalCommand.ExecuteReaderAsync(RelationalCommandParameterObject parameterObject, CancellationToken cancellationToken)
   at Microsoft.EntityFrameworkCore.Update.ReaderModificationCommandBatch.ExecuteAsync(IRelationalConnection connection, CancellationToken cancellationToken)
ClientConnectionId:f6f9db5a-659d-42fe-a5d4-329f039e4ed4
Error Number:547,State:0,Class:16
   --- End of inner exception stack trace ---
   at Microsoft.EntityFrameworkCore.Update.ReaderModificationCommandBatch.ExecuteAsync(IRelationalConnection connection, CancellationToken cancellationToken)
   at Microsoft.EntityFrameworkCore.Update.Internal.BatchExecutor.ExecuteAsync(IEnumerable`1 commandBatches, IRelationalConnection connection, CancellationToken cancellationToken)
   at Microsoft.EntityFrameworkCore.Update.Internal.BatchExecutor.ExecuteAsync(IEnumerable`1 commandBatches, IRelationalConnection connection, CancellationToken cancellationToken)
   at Microsoft.EntityFrameworkCore.Update.Internal.BatchExecutor.ExecuteAsync(IEnumerable`1 commandBatches, IRelationalConnection connection, CancellationToken cancellationToken)
   at Microsoft.EntityFrameworkCore.ChangeTracking.Internal.StateManager.SaveChangesAsync(IList`1 entriesToSave, CancellationToken cancellationToken)
   at Microsoft.EntityFrameworkCore.ChangeTracking.Internal.StateManager.SaveChangesAsync(DbContext _, Boolean acceptAllChangesOnSuccess, CancellationToken cancellationToken)
   at Microsoft.EntityFrameworkCore.SqlServer.Storage.Internal.SqlServerExecutionStrategy.ExecuteAsync[TState,TResult](TState state, Func`4 operation, Func`4 verifySucceeded, CancellationToken cancellationToken)
   at Microsoft.EntityFrameworkCore.DbContext.SaveChangesAsync(Boolean acceptAllChangesOnSuccess, CancellationToken cancellationToken)


-------------- Error (2022-02-23 13:11:20.2658) --------------

         Call Site: Microsoft.AspNetCore.Diagnostics.DeveloperExceptionPageMiddleware+<Invoke>d__9.MoveNext
         Exception Type: Microsoft.EntityFrameworkCore.DbUpdateException
         Exception Message: An error occurred while updating the entries. See the inner exception for details.
         Stack Trace:    at Microsoft.EntityFrameworkCore.Update.ReaderModificationCommandBatch.ExecuteAsync(IRelationalConnection connection, CancellationToken cancellationToken)
   at Microsoft.EntityFrameworkCore.Update.Internal.BatchExecutor.ExecuteAsync(IEnumerable`1 commandBatches, IRelationalConnection connection, CancellationToken cancellationToken)
   at Microsoft.EntityFrameworkCore.Update.Internal.BatchExecutor.ExecuteAsync(IEnumerable`1 commandBatches, IRelationalConnection connection, CancellationToken cancellationToken)
   at Microsoft.EntityFrameworkCore.Update.Internal.BatchExecutor.ExecuteAsync(IEnumerable`1 commandBatches, IRelationalConnection connection, CancellationToken cancellationToken)
   at Microsoft.EntityFrameworkCore.ChangeTracking.Internal.StateManager.SaveChangesAsync(IList`1 entriesToSave, CancellationToken cancellationToken)
   at Microsoft.EntityFrameworkCore.ChangeTracking.Internal.StateManager.SaveChangesAsync(DbContext _, Boolean acceptAllChangesOnSuccess, CancellationToken cancellationToken)
   at Microsoft.EntityFrameworkCore.SqlServer.Storage.Internal.SqlServerExecutionStrategy.ExecuteAsync[TState,TResult](TState state, Func`4 operation, Func`4 verifySucceeded, CancellationToken cancellationToken)
   at Microsoft.EntityFrameworkCore.DbContext.SaveChangesAsync(Boolean acceptAllChangesOnSuccess, CancellationToken cancellationToken)
   at Microsoft.EntityFrameworkCore.DbContext.SaveChangesAsync(Boolean acceptAllChangesOnSuccess, CancellationToken cancellationToken)
   at PackageTrackingApp.Infrastructure.Repositories.PackageRepository.AddAsync(Package package) in C:\Users\dravi\source\repos\PackageTrackingApp\PackageTrackingApp.Infrastructure\Repositories\PackageRepository.cs:line 24
   at PackageTrackingApp.Infrastructure.Services.PackageService.AddAsync(CreatePackage packageDto) in C:\Users\dravi\source\repos\PackageTrackingApp\PackageTrackingApp.Infrastructure\Services\PackageService.cs:line 36
   at PackageTrackingApp.Infrastructure.Handlers.CreatePackageHandler.HandleAsync(CreatePackage command) in C:\Users\dravi\source\repos\PackageTrackingApp\PackageTrackingApp.Infrastructure\Handlers\CreatePackageHandler.cs:line 22
   at PackageTrackingApp.Infrastructure.Commands.CommandDispatcher.DispatchAsync[T](T command) in C:\Users\dravi\source\repos\PackageTrackingApp\PackageTrackingApp.Infrastructure\Commands\CommandDispatcher.cs:line 29
   at PackageTrackingApp.Api.Controllers.PackageController.Post(CreatePackage package) in C:\Users\dravi\source\repos\PackageTrackingApp\PackageTrackingApp.Api\Controllers\PackageController.cs:line 30
   at lambda_method432(Closure , Object )
   at Microsoft.AspNetCore.Mvc.Infrastructure.ActionMethodExecutor.AwaitableObjectResultExecutor.Execute(IActionResultTypeMapper mapper, ObjectMethodExecutor executor, Object controller, Object[] arguments)
   at Microsoft.AspNetCore.Mvc.Infrastructure.ControllerActionInvoker.<InvokeActionMethodAsync>g__Awaited|12_0(ControllerActionInvoker invoker, ValueTask`1 actionResultValueTask)
   at Microsoft.AspNetCore.Mvc.Infrastructure.ControllerActionInvoker.<InvokeNextActionFilterAsync>g__Awaited|10_0(ControllerActionInvoker invoker, Task lastTask, State next, Scope scope, Object state, Boolean isCompleted)
   at Microsoft.AspNetCore.Mvc.Infrastructure.ControllerActionInvoker.Rethrow(ActionExecutedContextSealed context)
   at Microsoft.AspNetCore.Mvc.Infrastructure.ControllerActionInvoker.Next(State& next, Scope& scope, Object& state, Boolean& isCompleted)
   at Microsoft.AspNetCore.Mvc.Infrastructure.ControllerActionInvoker.<InvokeInnerFilterAsync>g__Awaited|13_0(ControllerActionInvoker invoker, Task lastTask, State next, Scope scope, Object state, Boolean isCompleted)
   at Microsoft.AspNetCore.Mvc.Infrastructure.ResourceInvoker.<InvokeFilterPipelineAsync>g__Awaited|19_0(ResourceInvoker invoker, Task lastTask, State next, Scope scope, Object state, Boolean isCompleted)
   at Microsoft.AspNetCore.Mvc.Infrastructure.ResourceInvoker.<InvokeAsync>g__Awaited|17_0(ResourceInvoker invoker, Task task, IDisposable scope)
   at Microsoft.AspNetCore.Routing.EndpointMiddleware.<Invoke>g__AwaitRequestTask|6_0(Endpoint endpoint, Task requestTask, ILogger logger)
   at Microsoft.AspNetCore.Authorization.AuthorizationMiddleware.Invoke(HttpContext context)
   at Swashbuckle.AspNetCore.SwaggerUI.SwaggerUIMiddleware.Invoke(HttpContext httpContext)
   at Swashbuckle.AspNetCore.Swagger.SwaggerMiddleware.Invoke(HttpContext httpContext, ISwaggerProvider swaggerProvider)
   at Microsoft.AspNetCore.Diagnostics.DeveloperExceptionPageMiddleware.Invoke(HttpContext context)
         Additional Info: An unhandled exception has occurred while executing the request.


-------------- Error (2022-02-23 13:11:30.5960) --------------

         Call Site: Microsoft.AspNetCore.Diagnostics.DeveloperExceptionPageMiddleware.Invoke
         Exception Type: System.ArgumentNullException
         Exception Message: Value cannot be null. (Parameter 'inputKey')
         Stack Trace:    at BCrypt.Net.BCrypt.HashPassword(String inputKey, String salt, Boolean enhancedEntropy, HashType hashType) in I:\bcrypt.net\src\BCrypt.Net\BCrypt.cs:line 603
   at BCrypt.Net.BCrypt.HashPassword(String inputKey, String salt) in I:\bcrypt.net\src\BCrypt.Net\BCrypt.cs:line 588
   at BCrypt.Net.BCrypt.HashPassword(String inputKey) in I:\bcrypt.net\src\BCrypt.Net\BCrypt.cs:line 531
   at PackageTrackingApp.Infrastructure.Services.UserService.RegisterAsync(String email, String login, String password, String confirmPassword) in C:\Users\dravi\source\repos\PackageTrackingApp\PackageTrackingApp.Infrastructure\Services\UserService.cs:line 68
   at PackageTrackingApp.Infrastructure.Handlers.RegisterUserHandler.HandleAsync(RegisterUser command) in C:\Users\dravi\source\repos\PackageTrackingApp\PackageTrackingApp.Infrastructure\Handlers\RegisterUserHandler.cs:line 22
   at PackageTrackingApp.Infrastructure.Commands.CommandDispatcher.DispatchAsync[T](T command) in C:\Users\dravi\source\repos\PackageTrackingApp\PackageTrackingApp.Infrastructure\Commands\CommandDispatcher.cs:line 29
   at PackageTrackingApp.Api.Controllers.UserController.RegisterAsync(RegisterUser command) in C:\Users\dravi\source\repos\PackageTrackingApp\PackageTrackingApp.Api\Controllers\UserController.cs:line 28
   at lambda_method536(Closure , Object )
   at Microsoft.AspNetCore.Mvc.Infrastructure.ActionMethodExecutor.TaskOfActionResultExecutor.Execute(IActionResultTypeMapper mapper, ObjectMethodExecutor executor, Object controller, Object[] arguments)
   at Microsoft.AspNetCore.Mvc.Infrastructure.ControllerActionInvoker.<InvokeActionMethodAsync>g__Awaited|12_0(ControllerActionInvoker invoker, ValueTask`1 actionResultValueTask)
   at Microsoft.AspNetCore.Mvc.Infrastructure.ControllerActionInvoker.<InvokeNextActionFilterAsync>g__Awaited|10_0(ControllerActionInvoker invoker, Task lastTask, State next, Scope scope, Object state, Boolean isCompleted)
   at Microsoft.AspNetCore.Mvc.Infrastructure.ControllerActionInvoker.Rethrow(ActionExecutedContextSealed context)
   at Microsoft.AspNetCore.Mvc.Infrastructure.ControllerActionInvoker.Next(State& next, Scope& scope, Object& state, Boolean& isCompleted)
   at Microsoft.AspNetCore.Mvc.Infrastructure.ControllerActionInvoker.InvokeInnerFilterAsync()
--- End of stack trace from previous location ---
   at Microsoft.AspNetCore.Mvc.Infrastructure.ResourceInvoker.<InvokeFilterPipelineAsync>g__Awaited|19_0(ResourceInvoker invoker, Task lastTask, State next, Scope scope, Object state, Boolean isCompleted)
   at Microsoft.AspNetCore.Mvc.Infrastructure.ResourceInvoker.<InvokeAsync>g__Awaited|17_0(ResourceInvoker invoker, Task task, IDisposable scope)
   at Microsoft.AspNetCore.Routing.EndpointMiddleware.<Invoke>g__AwaitRequestTask|6_0(Endpoint endpoint, Task requestTask, ILogger logger)
   at Microsoft.AspNetCore.Authorization.AuthorizationMiddleware.Invoke(HttpContext context)
   at Swashbuckle.AspNetCore.SwaggerUI.SwaggerUIMiddleware.Invoke(HttpContext httpContext)
   at Swashbuckle.AspNetCore.Swagger.SwaggerMiddleware.Invoke(HttpContext httpContext, ISwaggerProvider swaggerProvider)
   at Microsoft.AspNetCore.Diagnostics.DeveloperExceptionPageMiddleware.Invoke(HttpContext context)
         Additional Info: An unhandled exception has occurred while executing the request.


-------------- Error (2022-02-23 13:11:59.1816) --------------

         Call Site: Microsoft.AspNetCore.Diagnostics.DeveloperExceptionPageMiddleware.Invoke
         Exception Type: System.Exception
         Exception Message: Customer id can not be the same as seller id.
         Stack Trace:    at PackageTrackingApp.Core.Domains.Package.SetTransactionParties(Guid customerGuid, Guid sellerGuid) in C:\Users\dravi\source\repos\PackageTrackingApp\PackageTrackingApp\Domain\Package.cs:line 71
   at PackageTrackingApp.Core.Domains.Package..ctor(Guid customerGuid, Guid sellerGuid, String name, Single weight, Single height, Single length, Single width) in C:\Users\dravi\source\repos\PackageTrackingApp\PackageTrackingApp\Domain\Package.cs:line 58
   at lambda_method437(Closure , CreatePackage , Package , ResolutionContext )
   at AutoMapper.Mapper.MapCore[TSource,TDestination](TSource source, TDestination destination, ResolutionContext context, Type sourceType, Type destinationType, IMemberMap memberMap)
   at AutoMapper.Mapper.Map[TSource,TDestination](TSource source, TDestination destination)
   at AutoMapper.Mapper.Map[TSource,TDestination](TSource source)
   at PackageTrackingApp.Infrastructure.Services.PackageService.AddAsync(CreatePackage packageDto) in C:\Users\dravi\source\repos\PackageTrackingApp\PackageTrackingApp.Infrastructure\Services\PackageService.cs:line 34
   at PackageTrackingApp.Infrastructure.Handlers.CreatePackageHandler.HandleAsync(CreatePackage command) in C:\Users\dravi\source\repos\PackageTrackingApp\PackageTrackingApp.Infrastructure\Handlers\CreatePackageHandler.cs:line 22
   at PackageTrackingApp.Infrastructure.Commands.CommandDispatcher.DispatchAsync[T](T command) in C:\Users\dravi\source\repos\PackageTrackingApp\PackageTrackingApp.Infrastructure\Commands\CommandDispatcher.cs:line 29
   at PackageTrackingApp.Api.Controllers.PackageController.Post(CreatePackage package) in C:\Users\dravi\source\repos\PackageTrackingApp\PackageTrackingApp.Api\Controllers\PackageController.cs:line 30
   at lambda_method432(Closure , Object )
   at Microsoft.AspNetCore.Mvc.Infrastructure.ActionMethodExecutor.AwaitableObjectResultExecutor.Execute(IActionResultTypeMapper mapper, ObjectMethodExecutor executor, Object controller, Object[] arguments)
   at Microsoft.AspNetCore.Mvc.Infrastructure.ControllerActionInvoker.<InvokeActionMethodAsync>g__Awaited|12_0(ControllerActionInvoker invoker, ValueTask`1 actionResultValueTask)
   at Microsoft.AspNetCore.Mvc.Infrastructure.ControllerActionInvoker.<InvokeNextActionFilterAsync>g__Awaited|10_0(ControllerActionInvoker invoker, Task lastTask, State next, Scope scope, Object state, Boolean isCompleted)
   at Microsoft.AspNetCore.Mvc.Infrastructure.ControllerActionInvoker.Rethrow(ActionExecutedContextSealed context)
   at Microsoft.AspNetCore.Mvc.Infrastructure.ControllerActionInvoker.Next(State& next, Scope& scope, Object& state, Boolean& isCompleted)
   at Microsoft.AspNetCore.Mvc.Infrastructure.ControllerActionInvoker.InvokeInnerFilterAsync()
--- End of stack trace from previous location ---
   at Microsoft.AspNetCore.Mvc.Infrastructure.ResourceInvoker.<InvokeFilterPipelineAsync>g__Awaited|19_0(ResourceInvoker invoker, Task lastTask, State next, Scope scope, Object state, Boolean isCompleted)
   at Microsoft.AspNetCore.Mvc.Infrastructure.ResourceInvoker.<InvokeAsync>g__Awaited|17_0(ResourceInvoker invoker, Task task, IDisposable scope)
   at Microsoft.AspNetCore.Routing.EndpointMiddleware.<Invoke>g__AwaitRequestTask|6_0(Endpoint endpoint, Task requestTask, ILogger logger)
   at Microsoft.AspNetCore.Authorization.AuthorizationMiddleware.Invoke(HttpContext context)
   at Swashbuckle.AspNetCore.SwaggerUI.SwaggerUIMiddleware.Invoke(HttpContext httpContext)
   at Swashbuckle.AspNetCore.Swagger.SwaggerMiddleware.Invoke(HttpContext httpContext, ISwaggerProvider swaggerProvider)
   at Microsoft.AspNetCore.Diagnostics.DeveloperExceptionPageMiddleware.Invoke(HttpContext context)
         Additional Info: An unhandled exception has occurred while executing the request.


-------------- Error (2022-02-23 13:12:03.9409) --------------

         Call Site: Microsoft.EntityFrameworkCore.Diagnostics.EventDefinition`6.Log
         Exception Type: 
         Exception Message: 
         Stack Trace: 
         Additional Info: Failed executing DbCommand (4ms) [Parameters=[@p0='?' (DbType = Guid), @p1='?' (DbType = Int32), @p2='?' (DbType = Guid), @p3='?' (DbType = DateTime2), @p4='?' (DbType = Single), @p5='?' (DbType = Boolean), @p6='?' (DbType = Boolean), @p7='?' (DbType = Single), @p8='?' (Size = 4000), @p9='?' (DbType = Guid), @p10='?' (DbType = Single), @p11='?' (DbType = Single)], CommandType='Text', CommandTimeout='30']
SET NOCOUNT ON;
INSERT INTO [Packages] ([Guid], [Category], [CustomerGuid], [DeliveredAt], [Height], [IsDelivered], [IsPaid], [Length], [Name], [SellerGuid], [Weight], [Width])
VALUES (@p0, @p1, @p2, @p3, @p4, @p5, @p6, @p7, @p8, @p9, @p10, @p11);


-------------- Error (2022-02-23 13:12:03.9535) --------------

         Call Site: Microsoft.EntityFrameworkCore.Diagnostics.EventDefinition`3.Log
         Exception Type: Microsoft.EntityFrameworkCore.DbUpdateException
         Exception Message: An error occurred while updating the entries. See the inner exception for details.
         Stack Trace:    at Microsoft.EntityFrameworkCore.Update.ReaderModificationCommandBatch.ExecuteAsync(IRelationalConnection connection, CancellationToken cancellationToken)
   at Microsoft.EntityFrameworkCore.Update.Internal.BatchExecutor.ExecuteAsync(IEnumerable`1 commandBatches, IRelationalConnection connection, CancellationToken cancellationToken)
   at Microsoft.EntityFrameworkCore.Update.Internal.BatchExecutor.ExecuteAsync(IEnumerable`1 commandBatches, IRelationalConnection connection, CancellationToken cancellationToken)
   at Microsoft.EntityFrameworkCore.Update.Internal.BatchExecutor.ExecuteAsync(IEnumerable`1 commandBatches, IRelationalConnection connection, CancellationToken cancellationToken)
   at Microsoft.EntityFrameworkCore.ChangeTracking.Internal.StateManager.SaveChangesAsync(IList`1 entriesToSave, CancellationToken cancellationToken)
   at Microsoft.EntityFrameworkCore.ChangeTracking.Internal.StateManager.SaveChangesAsync(DbContext _, Boolean acceptAllChangesOnSuccess, CancellationToken cancellationToken)
   at Microsoft.EntityFrameworkCore.SqlServer.Storage.Internal.SqlServerExecutionStrategy.ExecuteAsync[TState,TResult](TState state, Func`4 operation, Func`4 verifySucceeded, CancellationToken cancellationToken)
   at Microsoft.EntityFrameworkCore.DbContext.SaveChangesAsync(Boolean acceptAllChangesOnSuccess, CancellationToken cancellationToken)
         Additional Info: An exception occurred in the database while saving changes for context type 'PackageTrackingApp.Core.Domain.PackageTrackingContext'.
Microsoft.EntityFrameworkCore.DbUpdateException: An error occurred while updating the entries. See the inner exception for details.
 ---> Microsoft.Data.SqlClient.SqlException (0x80131904): The INSERT statement conflicted with the FOREIGN KEY constraint "FK_Packages_Users_CustomerGuid". The conflict occurred in database "PackageTrackingDbV2", table "dbo.Users", column 'Guid'.
The statement has been terminated.
   at Microsoft.Data.SqlClient.SqlCommand.<>c.<ExecuteDbDataReaderAsync>b__169_0(Task`1 result)
   at System.Threading.Tasks.ContinuationResultTaskFromResultTask`2.InnerInvoke()
   at System.Threading.Tasks.Task.<>c.<.cctor>b__277_0(Object obj)
   at System.Threading.ExecutionContext.RunInternal(ExecutionContext executionContext, ContextCallback callback, Object state)
--- End of stack trace from previous location ---
   at System.Threading.Tasks.Task.ExecuteWithThreadLocal(Task& currentTaskSlot, Thread threadPoolThread)
--- End of stack trace from previous location ---
   at Microsoft.EntityFrameworkCore.Storage.RelationalCommand.ExecuteReaderAsync(RelationalCommandParameterObject parameterObject, CancellationToken cancellationToken)
   at Microsoft.EntityFrameworkCore.Storage.RelationalCommand.ExecuteReaderAsync(RelationalCommandParameterObject parameterObject, CancellationToken cancellationToken)
   at Microsoft.EntityFrameworkCore.Update.ReaderModificationCommandBatch.ExecuteAsync(IRelationalConnection connection, CancellationToken cancellationToken)
ClientConnectionId:f6f9db5a-659d-42fe-a5d4-329f039e4ed4
Error Number:547,State:0,Class:16
   --- End of inner exception stack trace ---
   at Microsoft.EntityFrameworkCore.Update.ReaderModificationCommandBatch.ExecuteAsync(IRelationalConnection connection, CancellationToken cancellationToken)
   at Microsoft.EntityFrameworkCore.Update.Internal.BatchExecutor.ExecuteAsync(IEnumerable`1 commandBatches, IRelationalConnection connection, CancellationToken cancellationToken)
   at Microsoft.EntityFrameworkCore.Update.Internal.BatchExecutor.ExecuteAsync(IEnumerable`1 commandBatches, IRelationalConnection connection, CancellationToken cancellationToken)
   at Microsoft.EntityFrameworkCore.Update.Internal.BatchExecutor.ExecuteAsync(IEnumerable`1 commandBatches, IRelationalConnection connection, CancellationToken cancellationToken)
   at Microsoft.EntityFrameworkCore.ChangeTracking.Internal.StateManager.SaveChangesAsync(IList`1 entriesToSave, CancellationToken cancellationToken)
   at Microsoft.EntityFrameworkCore.ChangeTracking.Internal.StateManager.SaveChangesAsync(DbContext _, Boolean acceptAllChangesOnSuccess, CancellationToken cancellationToken)
   at Microsoft.EntityFrameworkCore.SqlServer.Storage.Internal.SqlServerExecutionStrategy.ExecuteAsync[TState,TResult](TState state, Func`4 operation, Func`4 verifySucceeded, CancellationToken cancellationToken)
   at Microsoft.EntityFrameworkCore.DbContext.SaveChangesAsync(Boolean acceptAllChangesOnSuccess, CancellationToken cancellationToken)


-------------- Error (2022-02-23 13:12:04.2240) --------------

         Call Site: Microsoft.AspNetCore.Diagnostics.DeveloperExceptionPageMiddleware+<Invoke>d__9.MoveNext
         Exception Type: Microsoft.EntityFrameworkCore.DbUpdateException
         Exception Message: An error occurred while updating the entries. See the inner exception for details.
         Stack Trace:    at Microsoft.EntityFrameworkCore.Update.ReaderModificationCommandBatch.ExecuteAsync(IRelationalConnection connection, CancellationToken cancellationToken)
   at Microsoft.EntityFrameworkCore.Update.Internal.BatchExecutor.ExecuteAsync(IEnumerable`1 commandBatches, IRelationalConnection connection, CancellationToken cancellationToken)
   at Microsoft.EntityFrameworkCore.Update.Internal.BatchExecutor.ExecuteAsync(IEnumerable`1 commandBatches, IRelationalConnection connection, CancellationToken cancellationToken)
   at Microsoft.EntityFrameworkCore.Update.Internal.BatchExecutor.ExecuteAsync(IEnumerable`1 commandBatches, IRelationalConnection connection, CancellationToken cancellationToken)
   at Microsoft.EntityFrameworkCore.ChangeTracking.Internal.StateManager.SaveChangesAsync(IList`1 entriesToSave, CancellationToken cancellationToken)
   at Microsoft.EntityFrameworkCore.ChangeTracking.Internal.StateManager.SaveChangesAsync(DbContext _, Boolean acceptAllChangesOnSuccess, CancellationToken cancellationToken)
   at Microsoft.EntityFrameworkCore.SqlServer.Storage.Internal.SqlServerExecutionStrategy.ExecuteAsync[TState,TResult](TState state, Func`4 operation, Func`4 verifySucceeded, CancellationToken cancellationToken)
   at Microsoft.EntityFrameworkCore.DbContext.SaveChangesAsync(Boolean acceptAllChangesOnSuccess, CancellationToken cancellationToken)
   at Microsoft.EntityFrameworkCore.DbContext.SaveChangesAsync(Boolean acceptAllChangesOnSuccess, CancellationToken cancellationToken)
   at PackageTrackingApp.Infrastructure.Repositories.PackageRepository.AddAsync(Package package) in C:\Users\dravi\source\repos\PackageTrackingApp\PackageTrackingApp.Infrastructure\Repositories\PackageRepository.cs:line 24
   at PackageTrackingApp.Infrastructure.Services.PackageService.AddAsync(CreatePackage packageDto) in C:\Users\dravi\source\repos\PackageTrackingApp\PackageTrackingApp.Infrastructure\Services\PackageService.cs:line 36
   at PackageTrackingApp.Infrastructure.Handlers.CreatePackageHandler.HandleAsync(CreatePackage command) in C:\Users\dravi\source\repos\PackageTrackingApp\PackageTrackingApp.Infrastructure\Handlers\CreatePackageHandler.cs:line 22
   at PackageTrackingApp.Infrastructure.Commands.CommandDispatcher.DispatchAsync[T](T command) in C:\Users\dravi\source\repos\PackageTrackingApp\PackageTrackingApp.Infrastructure\Commands\CommandDispatcher.cs:line 29
   at PackageTrackingApp.Api.Controllers.PackageController.Post(CreatePackage package) in C:\Users\dravi\source\repos\PackageTrackingApp\PackageTrackingApp.Api\Controllers\PackageController.cs:line 30
   at lambda_method432(Closure , Object )
   at Microsoft.AspNetCore.Mvc.Infrastructure.ActionMethodExecutor.AwaitableObjectResultExecutor.Execute(IActionResultTypeMapper mapper, ObjectMethodExecutor executor, Object controller, Object[] arguments)
   at Microsoft.AspNetCore.Mvc.Infrastructure.ControllerActionInvoker.<InvokeActionMethodAsync>g__Awaited|12_0(ControllerActionInvoker invoker, ValueTask`1 actionResultValueTask)
   at Microsoft.AspNetCore.Mvc.Infrastructure.ControllerActionInvoker.<InvokeNextActionFilterAsync>g__Awaited|10_0(ControllerActionInvoker invoker, Task lastTask, State next, Scope scope, Object state, Boolean isCompleted)
   at Microsoft.AspNetCore.Mvc.Infrastructure.ControllerActionInvoker.Rethrow(ActionExecutedContextSealed context)
   at Microsoft.AspNetCore.Mvc.Infrastructure.ControllerActionInvoker.Next(State& next, Scope& scope, Object& state, Boolean& isCompleted)
   at Microsoft.AspNetCore.Mvc.Infrastructure.ControllerActionInvoker.<InvokeInnerFilterAsync>g__Awaited|13_0(ControllerActionInvoker invoker, Task lastTask, State next, Scope scope, Object state, Boolean isCompleted)
   at Microsoft.AspNetCore.Mvc.Infrastructure.ResourceInvoker.<InvokeFilterPipelineAsync>g__Awaited|19_0(ResourceInvoker invoker, Task lastTask, State next, Scope scope, Object state, Boolean isCompleted)
   at Microsoft.AspNetCore.Mvc.Infrastructure.ResourceInvoker.<InvokeAsync>g__Awaited|17_0(ResourceInvoker invoker, Task task, IDisposable scope)
   at Microsoft.AspNetCore.Routing.EndpointMiddleware.<Invoke>g__AwaitRequestTask|6_0(Endpoint endpoint, Task requestTask, ILogger logger)
   at Microsoft.AspNetCore.Authorization.AuthorizationMiddleware.Invoke(HttpContext context)
   at Swashbuckle.AspNetCore.SwaggerUI.SwaggerUIMiddleware.Invoke(HttpContext httpContext)
   at Swashbuckle.AspNetCore.Swagger.SwaggerMiddleware.Invoke(HttpContext httpContext, ISwaggerProvider swaggerProvider)
   at Microsoft.AspNetCore.Diagnostics.DeveloperExceptionPageMiddleware.Invoke(HttpContext context)
         Additional Info: An unhandled exception has occurred while executing the request.


-------------- Error (2022-02-23 16:37:58.6409) --------------

         Call Site: Microsoft.EntityFrameworkCore.Diagnostics.EventDefinition`6.Log
         Exception Type: 
         Exception Message: 
         Stack Trace: 
         Additional Info: Failed executing DbCommand (25ms) [Parameters=[], CommandType='Text', CommandTimeout='30']
CREATE TABLE [Addresses] (
    [Guid] uniqueidentifier NOT NULL,
    [Country] nvarchar(max) NULL,
    [PostalCode] nvarchar(max) NULL,
    [City] nvarchar(max) NULL,
    [Street] nvarchar(max) NULL,
    [StreetNumber] int NOT NULL,
    CONSTRAINT [PK_Addresses] PRIMARY KEY ([Guid])
);


-------------- Error (2022-02-23 16:43:17.3750) --------------

         Call Site: Microsoft.EntityFrameworkCore.Diagnostics.EventDefinition`6.Log
         Exception Type: 
         Exception Message: 
         Stack Trace: 
         Additional Info: Failed executing DbCommand (3ms) [Parameters=[], CommandType='Text', CommandTimeout='30']
CREATE TABLE [Addresses] (
    [Guid] uniqueidentifier NOT NULL,
    [Country] nvarchar(max) NULL,
    [PostalCode] nvarchar(max) NULL,
    [City] nvarchar(max) NULL,
    [Street] nvarchar(max) NULL,
    [StreetNumber] int NOT NULL,
    CONSTRAINT [PK_Addresses] PRIMARY KEY ([Guid])
);


-------------- Error (2022-02-23 16:52:52.5314) --------------

         Call Site: Microsoft.AspNetCore.Diagnostics.DeveloperExceptionPageMiddleware.Invoke
         Exception Type: System.ArgumentOutOfRangeException
         Exception Message: Weight must be greater than 0! (Parameter 'weight')
         Stack Trace:    at PackageTrackingApp.Core.Domains.Package.SetWeight(Single weight) in C:\Users\dravi\source\repos\PackageTrackingApp\PackageTrackingApp\Domain\Package.cs:line 137
   at PackageTrackingApp.Core.Domains.Package..ctor(Guid customerGuid, Guid sellerGuid, String name, Single weight, Single height, Single length, Single width) in C:\Users\dravi\source\repos\PackageTrackingApp\PackageTrackingApp\Domain\Package.cs:line 61
   at lambda_method517(Closure , CreatePackage , Package , ResolutionContext )
   at AutoMapper.Mapper.MapCore[TSource,TDestination](TSource source, TDestination destination, ResolutionContext context, Type sourceType, Type destinationType, IMemberMap memberMap)
   at AutoMapper.Mapper.Map[TSource,TDestination](TSource source, TDestination destination)
   at AutoMapper.Mapper.Map[TSource,TDestination](TSource source)
   at PackageTrackingApp.Infrastructure.Services.PackageService.AddAsync(CreatePackage packageDto) in C:\Users\dravi\source\repos\PackageTrackingApp\PackageTrackingApp.Infrastructure\Services\PackageService.cs:line 34
   at PackageTrackingApp.Infrastructure.Handlers.CreatePackageHandler.HandleAsync(CreatePackage command) in C:\Users\dravi\source\repos\PackageTrackingApp\PackageTrackingApp.Infrastructure\Handlers\CreatePackageHandler.cs:line 22
   at PackageTrackingApp.Infrastructure.Commands.CommandDispatcher.DispatchAsync[T](T command) in C:\Users\dravi\source\repos\PackageTrackingApp\PackageTrackingApp.Infrastructure\Commands\CommandDispatcher.cs:line 29
   at PackageTrackingApp.Api.Controllers.PackageController.Post(CreatePackage package) in C:\Users\dravi\source\repos\PackageTrackingApp\PackageTrackingApp.Api\Controllers\PackageController.cs:line 30
   at lambda_method512(Closure , Object )
   at Microsoft.AspNetCore.Mvc.Infrastructure.ActionMethodExecutor.AwaitableObjectResultExecutor.Execute(IActionResultTypeMapper mapper, ObjectMethodExecutor executor, Object controller, Object[] arguments)
   at Microsoft.AspNetCore.Mvc.Infrastructure.ControllerActionInvoker.<InvokeActionMethodAsync>g__Awaited|12_0(ControllerActionInvoker invoker, ValueTask`1 actionResultValueTask)
   at Microsoft.AspNetCore.Mvc.Infrastructure.ControllerActionInvoker.<InvokeNextActionFilterAsync>g__Awaited|10_0(ControllerActionInvoker invoker, Task lastTask, State next, Scope scope, Object state, Boolean isCompleted)
   at Microsoft.AspNetCore.Mvc.Infrastructure.ControllerActionInvoker.Rethrow(ActionExecutedContextSealed context)
   at Microsoft.AspNetCore.Mvc.Infrastructure.ControllerActionInvoker.Next(State& next, Scope& scope, Object& state, Boolean& isCompleted)
   at Microsoft.AspNetCore.Mvc.Infrastructure.ControllerActionInvoker.InvokeInnerFilterAsync()
--- End of stack trace from previous location ---
   at Microsoft.AspNetCore.Mvc.Infrastructure.ResourceInvoker.<InvokeFilterPipelineAsync>g__Awaited|19_0(ResourceInvoker invoker, Task lastTask, State next, Scope scope, Object state, Boolean isCompleted)
   at Microsoft.AspNetCore.Mvc.Infrastructure.ResourceInvoker.<InvokeAsync>g__Awaited|17_0(ResourceInvoker invoker, Task task, IDisposable scope)
   at Microsoft.AspNetCore.Routing.EndpointMiddleware.<Invoke>g__AwaitRequestTask|6_0(Endpoint endpoint, Task requestTask, ILogger logger)
   at Microsoft.AspNetCore.Authorization.AuthorizationMiddleware.Invoke(HttpContext context)
   at Swashbuckle.AspNetCore.SwaggerUI.SwaggerUIMiddleware.Invoke(HttpContext httpContext)
   at Swashbuckle.AspNetCore.Swagger.SwaggerMiddleware.Invoke(HttpContext httpContext, ISwaggerProvider swaggerProvider)
   at Microsoft.AspNetCore.Diagnostics.DeveloperExceptionPageMiddleware.Invoke(HttpContext context)
         Additional Info: An unhandled exception has occurred while executing the request.


-------------- Error (2022-02-23 16:53:05.2562) --------------

         Call Site: Microsoft.AspNetCore.Diagnostics.DeveloperExceptionPageMiddleware.Invoke
         Exception Type: System.ArgumentOutOfRangeException
         Exception Message: Height must be greater than 0! (Parameter 'height')
         Stack Trace:    at PackageTrackingApp.Core.Domains.Package.SetHeight(Single height) in C:\Users\dravi\source\repos\PackageTrackingApp\PackageTrackingApp\Domain\Package.cs:line 119
   at PackageTrackingApp.Core.Domains.Package..ctor(Guid customerGuid, Guid sellerGuid, String name, Single weight, Single height, Single length, Single width) in C:\Users\dravi\source\repos\PackageTrackingApp\PackageTrackingApp\Domain\Package.cs:line 62
   at lambda_method517(Closure , CreatePackage , Package , ResolutionContext )
   at AutoMapper.Mapper.MapCore[TSource,TDestination](TSource source, TDestination destination, ResolutionContext context, Type sourceType, Type destinationType, IMemberMap memberMap)
   at AutoMapper.Mapper.Map[TSource,TDestination](TSource source, TDestination destination)
   at AutoMapper.Mapper.Map[TSource,TDestination](TSource source)
   at PackageTrackingApp.Infrastructure.Services.PackageService.AddAsync(CreatePackage packageDto) in C:\Users\dravi\source\repos\PackageTrackingApp\PackageTrackingApp.Infrastructure\Services\PackageService.cs:line 34
   at PackageTrackingApp.Infrastructure.Handlers.CreatePackageHandler.HandleAsync(CreatePackage command) in C:\Users\dravi\source\repos\PackageTrackingApp\PackageTrackingApp.Infrastructure\Handlers\CreatePackageHandler.cs:line 22
   at PackageTrackingApp.Infrastructure.Commands.CommandDispatcher.DispatchAsync[T](T command) in C:\Users\dravi\source\repos\PackageTrackingApp\PackageTrackingApp.Infrastructure\Commands\CommandDispatcher.cs:line 29
   at PackageTrackingApp.Api.Controllers.PackageController.Post(CreatePackage package) in C:\Users\dravi\source\repos\PackageTrackingApp\PackageTrackingApp.Api\Controllers\PackageController.cs:line 30
   at lambda_method512(Closure , Object )
   at Microsoft.AspNetCore.Mvc.Infrastructure.ActionMethodExecutor.AwaitableObjectResultExecutor.Execute(IActionResultTypeMapper mapper, ObjectMethodExecutor executor, Object controller, Object[] arguments)
   at Microsoft.AspNetCore.Mvc.Infrastructure.ControllerActionInvoker.<InvokeActionMethodAsync>g__Awaited|12_0(ControllerActionInvoker invoker, ValueTask`1 actionResultValueTask)
   at Microsoft.AspNetCore.Mvc.Infrastructure.ControllerActionInvoker.<InvokeNextActionFilterAsync>g__Awaited|10_0(ControllerActionInvoker invoker, Task lastTask, State next, Scope scope, Object state, Boolean isCompleted)
   at Microsoft.AspNetCore.Mvc.Infrastructure.ControllerActionInvoker.Rethrow(ActionExecutedContextSealed context)
   at Microsoft.AspNetCore.Mvc.Infrastructure.ControllerActionInvoker.Next(State& next, Scope& scope, Object& state, Boolean& isCompleted)
   at Microsoft.AspNetCore.Mvc.Infrastructure.ControllerActionInvoker.InvokeInnerFilterAsync()
--- End of stack trace from previous location ---
   at Microsoft.AspNetCore.Mvc.Infrastructure.ResourceInvoker.<InvokeFilterPipelineAsync>g__Awaited|19_0(ResourceInvoker invoker, Task lastTask, State next, Scope scope, Object state, Boolean isCompleted)
   at Microsoft.AspNetCore.Mvc.Infrastructure.ResourceInvoker.<InvokeAsync>g__Awaited|17_0(ResourceInvoker invoker, Task task, IDisposable scope)
   at Microsoft.AspNetCore.Routing.EndpointMiddleware.<Invoke>g__AwaitRequestTask|6_0(Endpoint endpoint, Task requestTask, ILogger logger)
   at Microsoft.AspNetCore.Authorization.AuthorizationMiddleware.Invoke(HttpContext context)
   at Swashbuckle.AspNetCore.SwaggerUI.SwaggerUIMiddleware.Invoke(HttpContext httpContext)
   at Swashbuckle.AspNetCore.Swagger.SwaggerMiddleware.Invoke(HttpContext httpContext, ISwaggerProvider swaggerProvider)
   at Microsoft.AspNetCore.Diagnostics.DeveloperExceptionPageMiddleware.Invoke(HttpContext context)
         Additional Info: An unhandled exception has occurred while executing the request.


-------------- Error (2022-02-23 16:53:12.8452) --------------

         Call Site: Microsoft.AspNetCore.Diagnostics.DeveloperExceptionPageMiddleware.Invoke
         Exception Type: System.ArgumentOutOfRangeException
         Exception Message: Length must be greater than 0! (Parameter 'length')
         Stack Trace:    at PackageTrackingApp.Core.Domains.Package.SetLength(Single length) in C:\Users\dravi\source\repos\PackageTrackingApp\PackageTrackingApp\Domain\Package.cs:line 101
   at PackageTrackingApp.Core.Domains.Package..ctor(Guid customerGuid, Guid sellerGuid, String name, Single weight, Single height, Single length, Single width) in C:\Users\dravi\source\repos\PackageTrackingApp\PackageTrackingApp\Domain\Package.cs:line 63
   at lambda_method517(Closure , CreatePackage , Package , ResolutionContext )
   at AutoMapper.Mapper.MapCore[TSource,TDestination](TSource source, TDestination destination, ResolutionContext context, Type sourceType, Type destinationType, IMemberMap memberMap)
   at AutoMapper.Mapper.Map[TSource,TDestination](TSource source, TDestination destination)
   at AutoMapper.Mapper.Map[TSource,TDestination](TSource source)
   at PackageTrackingApp.Infrastructure.Services.PackageService.AddAsync(CreatePackage packageDto) in C:\Users\dravi\source\repos\PackageTrackingApp\PackageTrackingApp.Infrastructure\Services\PackageService.cs:line 34
   at PackageTrackingApp.Infrastructure.Handlers.CreatePackageHandler.HandleAsync(CreatePackage command) in C:\Users\dravi\source\repos\PackageTrackingApp\PackageTrackingApp.Infrastructure\Handlers\CreatePackageHandler.cs:line 22
   at PackageTrackingApp.Infrastructure.Commands.CommandDispatcher.DispatchAsync[T](T command) in C:\Users\dravi\source\repos\PackageTrackingApp\PackageTrackingApp.Infrastructure\Commands\CommandDispatcher.cs:line 29
   at PackageTrackingApp.Api.Controllers.PackageController.Post(CreatePackage package) in C:\Users\dravi\source\repos\PackageTrackingApp\PackageTrackingApp.Api\Controllers\PackageController.cs:line 30
   at lambda_method512(Closure , Object )
   at Microsoft.AspNetCore.Mvc.Infrastructure.ActionMethodExecutor.AwaitableObjectResultExecutor.Execute(IActionResultTypeMapper mapper, ObjectMethodExecutor executor, Object controller, Object[] arguments)
   at Microsoft.AspNetCore.Mvc.Infrastructure.ControllerActionInvoker.<InvokeActionMethodAsync>g__Awaited|12_0(ControllerActionInvoker invoker, ValueTask`1 actionResultValueTask)
   at Microsoft.AspNetCore.Mvc.Infrastructure.ControllerActionInvoker.<InvokeNextActionFilterAsync>g__Awaited|10_0(ControllerActionInvoker invoker, Task lastTask, State next, Scope scope, Object state, Boolean isCompleted)
   at Microsoft.AspNetCore.Mvc.Infrastructure.ControllerActionInvoker.Rethrow(ActionExecutedContextSealed context)
   at Microsoft.AspNetCore.Mvc.Infrastructure.ControllerActionInvoker.Next(State& next, Scope& scope, Object& state, Boolean& isCompleted)
   at Microsoft.AspNetCore.Mvc.Infrastructure.ControllerActionInvoker.InvokeInnerFilterAsync()
--- End of stack trace from previous location ---
   at Microsoft.AspNetCore.Mvc.Infrastructure.ResourceInvoker.<InvokeFilterPipelineAsync>g__Awaited|19_0(ResourceInvoker invoker, Task lastTask, State next, Scope scope, Object state, Boolean isCompleted)
   at Microsoft.AspNetCore.Mvc.Infrastructure.ResourceInvoker.<InvokeAsync>g__Awaited|17_0(ResourceInvoker invoker, Task task, IDisposable scope)
   at Microsoft.AspNetCore.Routing.EndpointMiddleware.<Invoke>g__AwaitRequestTask|6_0(Endpoint endpoint, Task requestTask, ILogger logger)
   at Microsoft.AspNetCore.Authorization.AuthorizationMiddleware.Invoke(HttpContext context)
   at Swashbuckle.AspNetCore.SwaggerUI.SwaggerUIMiddleware.Invoke(HttpContext httpContext)
   at Swashbuckle.AspNetCore.Swagger.SwaggerMiddleware.Invoke(HttpContext httpContext, ISwaggerProvider swaggerProvider)
   at Microsoft.AspNetCore.Diagnostics.DeveloperExceptionPageMiddleware.Invoke(HttpContext context)
         Additional Info: An unhandled exception has occurred while executing the request.


-------------- Error (2022-02-23 16:53:16.3157) --------------

         Call Site: Microsoft.AspNetCore.Diagnostics.DeveloperExceptionPageMiddleware.Invoke
         Exception Type: System.ArgumentOutOfRangeException
         Exception Message: Width must be greater than 0! (Parameter 'width')
         Stack Trace:    at PackageTrackingApp.Core.Domains.Package.SetWidth(Single width) in C:\Users\dravi\source\repos\PackageTrackingApp\PackageTrackingApp\Domain\Package.cs:line 83
   at PackageTrackingApp.Core.Domains.Package..ctor(Guid customerGuid, Guid sellerGuid, String name, Single weight, Single height, Single length, Single width) in C:\Users\dravi\source\repos\PackageTrackingApp\PackageTrackingApp\Domain\Package.cs:line 64
   at lambda_method517(Closure , CreatePackage , Package , ResolutionContext )
   at AutoMapper.Mapper.MapCore[TSource,TDestination](TSource source, TDestination destination, ResolutionContext context, Type sourceType, Type destinationType, IMemberMap memberMap)
   at AutoMapper.Mapper.Map[TSource,TDestination](TSource source, TDestination destination)
   at AutoMapper.Mapper.Map[TSource,TDestination](TSource source)
   at PackageTrackingApp.Infrastructure.Services.PackageService.AddAsync(CreatePackage packageDto) in C:\Users\dravi\source\repos\PackageTrackingApp\PackageTrackingApp.Infrastructure\Services\PackageService.cs:line 34
   at PackageTrackingApp.Infrastructure.Handlers.CreatePackageHandler.HandleAsync(CreatePackage command) in C:\Users\dravi\source\repos\PackageTrackingApp\PackageTrackingApp.Infrastructure\Handlers\CreatePackageHandler.cs:line 22
   at PackageTrackingApp.Infrastructure.Commands.CommandDispatcher.DispatchAsync[T](T command) in C:\Users\dravi\source\repos\PackageTrackingApp\PackageTrackingApp.Infrastructure\Commands\CommandDispatcher.cs:line 29
   at PackageTrackingApp.Api.Controllers.PackageController.Post(CreatePackage package) in C:\Users\dravi\source\repos\PackageTrackingApp\PackageTrackingApp.Api\Controllers\PackageController.cs:line 30
   at lambda_method512(Closure , Object )
   at Microsoft.AspNetCore.Mvc.Infrastructure.ActionMethodExecutor.AwaitableObjectResultExecutor.Execute(IActionResultTypeMapper mapper, ObjectMethodExecutor executor, Object controller, Object[] arguments)
   at Microsoft.AspNetCore.Mvc.Infrastructure.ControllerActionInvoker.<InvokeActionMethodAsync>g__Awaited|12_0(ControllerActionInvoker invoker, ValueTask`1 actionResultValueTask)
   at Microsoft.AspNetCore.Mvc.Infrastructure.ControllerActionInvoker.<InvokeNextActionFilterAsync>g__Awaited|10_0(ControllerActionInvoker invoker, Task lastTask, State next, Scope scope, Object state, Boolean isCompleted)
   at Microsoft.AspNetCore.Mvc.Infrastructure.ControllerActionInvoker.Rethrow(ActionExecutedContextSealed context)
   at Microsoft.AspNetCore.Mvc.Infrastructure.ControllerActionInvoker.Next(State& next, Scope& scope, Object& state, Boolean& isCompleted)
   at Microsoft.AspNetCore.Mvc.Infrastructure.ControllerActionInvoker.InvokeInnerFilterAsync()
--- End of stack trace from previous location ---
   at Microsoft.AspNetCore.Mvc.Infrastructure.ResourceInvoker.<InvokeFilterPipelineAsync>g__Awaited|19_0(ResourceInvoker invoker, Task lastTask, State next, Scope scope, Object state, Boolean isCompleted)
   at Microsoft.AspNetCore.Mvc.Infrastructure.ResourceInvoker.<InvokeAsync>g__Awaited|17_0(ResourceInvoker invoker, Task task, IDisposable scope)
   at Microsoft.AspNetCore.Routing.EndpointMiddleware.<Invoke>g__AwaitRequestTask|6_0(Endpoint endpoint, Task requestTask, ILogger logger)
   at Microsoft.AspNetCore.Authorization.AuthorizationMiddleware.Invoke(HttpContext context)
   at Swashbuckle.AspNetCore.SwaggerUI.SwaggerUIMiddleware.Invoke(HttpContext httpContext)
   at Swashbuckle.AspNetCore.Swagger.SwaggerMiddleware.Invoke(HttpContext httpContext, ISwaggerProvider swaggerProvider)
   at Microsoft.AspNetCore.Diagnostics.DeveloperExceptionPageMiddleware.Invoke(HttpContext context)
         Additional Info: An unhandled exception has occurred while executing the request.


-------------- Error (2022-02-23 16:53:21.4495) --------------

         Call Site: Microsoft.AspNetCore.Diagnostics.DeveloperExceptionPageMiddleware.Invoke
         Exception Type: System.ArgumentOutOfRangeException
         Exception Message: Width must be greater than 0! (Parameter 'width')
         Stack Trace:    at PackageTrackingApp.Core.Domains.Package.SetWidth(Single width) in C:\Users\dravi\source\repos\PackageTrackingApp\PackageTrackingApp\Domain\Package.cs:line 83
   at PackageTrackingApp.Core.Domains.Package..ctor(Guid customerGuid, Guid sellerGuid, String name, Single weight, Single height, Single length, Single width) in C:\Users\dravi\source\repos\PackageTrackingApp\PackageTrackingApp\Domain\Package.cs:line 64
   at lambda_method517(Closure , CreatePackage , Package , ResolutionContext )
   at AutoMapper.Mapper.MapCore[TSource,TDestination](TSource source, TDestination destination, ResolutionContext context, Type sourceType, Type destinationType, IMemberMap memberMap)
   at AutoMapper.Mapper.Map[TSource,TDestination](TSource source, TDestination destination)
   at AutoMapper.Mapper.Map[TSource,TDestination](TSource source)
   at PackageTrackingApp.Infrastructure.Services.PackageService.AddAsync(CreatePackage packageDto) in C:\Users\dravi\source\repos\PackageTrackingApp\PackageTrackingApp.Infrastructure\Services\PackageService.cs:line 34
   at PackageTrackingApp.Infrastructure.Handlers.CreatePackageHandler.HandleAsync(CreatePackage command) in C:\Users\dravi\source\repos\PackageTrackingApp\PackageTrackingApp.Infrastructure\Handlers\CreatePackageHandler.cs:line 22
   at PackageTrackingApp.Infrastructure.Commands.CommandDispatcher.DispatchAsync[T](T command) in C:\Users\dravi\source\repos\PackageTrackingApp\PackageTrackingApp.Infrastructure\Commands\CommandDispatcher.cs:line 29
   at PackageTrackingApp.Api.Controllers.PackageController.Post(CreatePackage package) in C:\Users\dravi\source\repos\PackageTrackingApp\PackageTrackingApp.Api\Controllers\PackageController.cs:line 30
   at lambda_method512(Closure , Object )
   at Microsoft.AspNetCore.Mvc.Infrastructure.ActionMethodExecutor.AwaitableObjectResultExecutor.Execute(IActionResultTypeMapper mapper, ObjectMethodExecutor executor, Object controller, Object[] arguments)
   at Microsoft.AspNetCore.Mvc.Infrastructure.ControllerActionInvoker.<InvokeActionMethodAsync>g__Awaited|12_0(ControllerActionInvoker invoker, ValueTask`1 actionResultValueTask)
   at Microsoft.AspNetCore.Mvc.Infrastructure.ControllerActionInvoker.<InvokeNextActionFilterAsync>g__Awaited|10_0(ControllerActionInvoker invoker, Task lastTask, State next, Scope scope, Object state, Boolean isCompleted)
   at Microsoft.AspNetCore.Mvc.Infrastructure.ControllerActionInvoker.Rethrow(ActionExecutedContextSealed context)
   at Microsoft.AspNetCore.Mvc.Infrastructure.ControllerActionInvoker.Next(State& next, Scope& scope, Object& state, Boolean& isCompleted)
   at Microsoft.AspNetCore.Mvc.Infrastructure.ControllerActionInvoker.InvokeInnerFilterAsync()
--- End of stack trace from previous location ---
   at Microsoft.AspNetCore.Mvc.Infrastructure.ResourceInvoker.<InvokeFilterPipelineAsync>g__Awaited|19_0(ResourceInvoker invoker, Task lastTask, State next, Scope scope, Object state, Boolean isCompleted)
   at Microsoft.AspNetCore.Mvc.Infrastructure.ResourceInvoker.<InvokeAsync>g__Awaited|17_0(ResourceInvoker invoker, Task task, IDisposable scope)
   at Microsoft.AspNetCore.Routing.EndpointMiddleware.<Invoke>g__AwaitRequestTask|6_0(Endpoint endpoint, Task requestTask, ILogger logger)
   at Microsoft.AspNetCore.Authorization.AuthorizationMiddleware.Invoke(HttpContext context)
   at Swashbuckle.AspNetCore.SwaggerUI.SwaggerUIMiddleware.Invoke(HttpContext httpContext)
   at Swashbuckle.AspNetCore.Swagger.SwaggerMiddleware.Invoke(HttpContext httpContext, ISwaggerProvider swaggerProvider)
   at Microsoft.AspNetCore.Diagnostics.DeveloperExceptionPageMiddleware.Invoke(HttpContext context)
         Additional Info: An unhandled exception has occurred while executing the request.


-------------- Error (2022-02-23 17:08:02.1262) --------------

         Call Site: Microsoft.AspNetCore.Diagnostics.DeveloperExceptionPageMiddleware.Invoke
         Exception Type: System.ArgumentOutOfRangeException
         Exception Message: Package's width can't exceed 150cm! (Parameter 'width')
         Stack Trace:    at PackageTrackingApp.Core.Domains.Package.SetWidth(Single width) in C:\Users\dravi\source\repos\PackageTrackingApp\PackageTrackingApp\Domain\Package.cs:line 101
   at PackageTrackingApp.Core.Domains.Package..ctor(Guid customerGuid, Guid sellerGuid, String name, Single weight, Single height, Single length, Single width) in C:\Users\dravi\source\repos\PackageTrackingApp\PackageTrackingApp\Domain\Package.cs:line 63
   at lambda_method437(Closure , CreatePackage , Package , ResolutionContext )
   at AutoMapper.Mapper.MapCore[TSource,TDestination](TSource source, TDestination destination, ResolutionContext context, Type sourceType, Type destinationType, IMemberMap memberMap)
   at AutoMapper.Mapper.Map[TSource,TDestination](TSource source, TDestination destination)
   at AutoMapper.Mapper.Map[TSource,TDestination](TSource source)
   at PackageTrackingApp.Infrastructure.Services.PackageService.AddAsync(CreatePackage packageDto) in C:\Users\dravi\source\repos\PackageTrackingApp\PackageTrackingApp.Infrastructure\Services\PackageService.cs:line 34
   at PackageTrackingApp.Infrastructure.Handlers.CreatePackageHandler.HandleAsync(CreatePackage command) in C:\Users\dravi\source\repos\PackageTrackingApp\PackageTrackingApp.Infrastructure\Handlers\CreatePackageHandler.cs:line 22
   at PackageTrackingApp.Infrastructure.Commands.CommandDispatcher.DispatchAsync[T](T command) in C:\Users\dravi\source\repos\PackageTrackingApp\PackageTrackingApp.Infrastructure\Commands\CommandDispatcher.cs:line 29
   at PackageTrackingApp.Api.Controllers.PackageController.Post(CreatePackage package) in C:\Users\dravi\source\repos\PackageTrackingApp\PackageTrackingApp.Api\Controllers\PackageController.cs:line 30
   at lambda_method432(Closure , Object )
   at Microsoft.AspNetCore.Mvc.Infrastructure.ActionMethodExecutor.AwaitableObjectResultExecutor.Execute(IActionResultTypeMapper mapper, ObjectMethodExecutor executor, Object controller, Object[] arguments)
   at Microsoft.AspNetCore.Mvc.Infrastructure.ControllerActionInvoker.<InvokeActionMethodAsync>g__Awaited|12_0(ControllerActionInvoker invoker, ValueTask`1 actionResultValueTask)
   at Microsoft.AspNetCore.Mvc.Infrastructure.ControllerActionInvoker.<InvokeNextActionFilterAsync>g__Awaited|10_0(ControllerActionInvoker invoker, Task lastTask, State next, Scope scope, Object state, Boolean isCompleted)
   at Microsoft.AspNetCore.Mvc.Infrastructure.ControllerActionInvoker.Rethrow(ActionExecutedContextSealed context)
   at Microsoft.AspNetCore.Mvc.Infrastructure.ControllerActionInvoker.Next(State& next, Scope& scope, Object& state, Boolean& isCompleted)
   at Microsoft.AspNetCore.Mvc.Infrastructure.ControllerActionInvoker.InvokeInnerFilterAsync()
--- End of stack trace from previous location ---
   at Microsoft.AspNetCore.Mvc.Infrastructure.ResourceInvoker.<InvokeFilterPipelineAsync>g__Awaited|19_0(ResourceInvoker invoker, Task lastTask, State next, Scope scope, Object state, Boolean isCompleted)
   at Microsoft.AspNetCore.Mvc.Infrastructure.ResourceInvoker.<InvokeAsync>g__Awaited|17_0(ResourceInvoker invoker, Task task, IDisposable scope)
   at Microsoft.AspNetCore.Routing.EndpointMiddleware.<Invoke>g__AwaitRequestTask|6_0(Endpoint endpoint, Task requestTask, ILogger logger)
   at Microsoft.AspNetCore.Authorization.AuthorizationMiddleware.Invoke(HttpContext context)
   at Swashbuckle.AspNetCore.SwaggerUI.SwaggerUIMiddleware.Invoke(HttpContext httpContext)
   at Swashbuckle.AspNetCore.Swagger.SwaggerMiddleware.Invoke(HttpContext httpContext, ISwaggerProvider swaggerProvider)
   at Microsoft.AspNetCore.Diagnostics.DeveloperExceptionPageMiddleware.Invoke(HttpContext context)
         Additional Info: An unhandled exception has occurred while executing the request.


-------------- Error (2022-02-23 17:08:09.6886) --------------

         Call Site: Microsoft.AspNetCore.Diagnostics.DeveloperExceptionPageMiddleware.Invoke
         Exception Type: System.Exception
         Exception Message: Sum of dimensions can not exceed 300cm.
         Stack Trace:    at PackageTrackingApp.Core.Domains.Package.VerifySumOfDimensions() in C:\Users\dravi\source\repos\PackageTrackingApp\PackageTrackingApp\Domain\Package.cs:line 74
   at PackageTrackingApp.Core.Domains.Package..ctor(Guid customerGuid, Guid sellerGuid, String name, Single weight, Single height, Single length, Single width) in C:\Users\dravi\source\repos\PackageTrackingApp\PackageTrackingApp\Domain\Package.cs:line 64
   at lambda_method437(Closure , CreatePackage , Package , ResolutionContext )
   at AutoMapper.Mapper.MapCore[TSource,TDestination](TSource source, TDestination destination, ResolutionContext context, Type sourceType, Type destinationType, IMemberMap memberMap)
   at AutoMapper.Mapper.Map[TSource,TDestination](TSource source, TDestination destination)
   at AutoMapper.Mapper.Map[TSource,TDestination](TSource source)
   at PackageTrackingApp.Infrastructure.Services.PackageService.AddAsync(CreatePackage packageDto) in C:\Users\dravi\source\repos\PackageTrackingApp\PackageTrackingApp.Infrastructure\Services\PackageService.cs:line 34
   at PackageTrackingApp.Infrastructure.Handlers.CreatePackageHandler.HandleAsync(CreatePackage command) in C:\Users\dravi\source\repos\PackageTrackingApp\PackageTrackingApp.Infrastructure\Handlers\CreatePackageHandler.cs:line 22
   at PackageTrackingApp.Infrastructure.Commands.CommandDispatcher.DispatchAsync[T](T command) in C:\Users\dravi\source\repos\PackageTrackingApp\PackageTrackingApp.Infrastructure\Commands\CommandDispatcher.cs:line 29
   at PackageTrackingApp.Api.Controllers.PackageController.Post(CreatePackage package) in C:\Users\dravi\source\repos\PackageTrackingApp\PackageTrackingApp.Api\Controllers\PackageController.cs:line 30
   at lambda_method432(Closure , Object )
   at Microsoft.AspNetCore.Mvc.Infrastructure.ActionMethodExecutor.AwaitableObjectResultExecutor.Execute(IActionResultTypeMapper mapper, ObjectMethodExecutor executor, Object controller, Object[] arguments)
   at Microsoft.AspNetCore.Mvc.Infrastructure.ControllerActionInvoker.<InvokeActionMethodAsync>g__Awaited|12_0(ControllerActionInvoker invoker, ValueTask`1 actionResultValueTask)
   at Microsoft.AspNetCore.Mvc.Infrastructure.ControllerActionInvoker.<InvokeNextActionFilterAsync>g__Awaited|10_0(ControllerActionInvoker invoker, Task lastTask, State next, Scope scope, Object state, Boolean isCompleted)
   at Microsoft.AspNetCore.Mvc.Infrastructure.ControllerActionInvoker.Rethrow(ActionExecutedContextSealed context)
   at Microsoft.AspNetCore.Mvc.Infrastructure.ControllerActionInvoker.Next(State& next, Scope& scope, Object& state, Boolean& isCompleted)
   at Microsoft.AspNetCore.Mvc.Infrastructure.ControllerActionInvoker.InvokeInnerFilterAsync()
--- End of stack trace from previous location ---
   at Microsoft.AspNetCore.Mvc.Infrastructure.ResourceInvoker.<InvokeFilterPipelineAsync>g__Awaited|19_0(ResourceInvoker invoker, Task lastTask, State next, Scope scope, Object state, Boolean isCompleted)
   at Microsoft.AspNetCore.Mvc.Infrastructure.ResourceInvoker.<InvokeAsync>g__Awaited|17_0(ResourceInvoker invoker, Task task, IDisposable scope)
   at Microsoft.AspNetCore.Routing.EndpointMiddleware.<Invoke>g__AwaitRequestTask|6_0(Endpoint endpoint, Task requestTask, ILogger logger)
   at Microsoft.AspNetCore.Authorization.AuthorizationMiddleware.Invoke(HttpContext context)
   at Swashbuckle.AspNetCore.SwaggerUI.SwaggerUIMiddleware.Invoke(HttpContext httpContext)
   at Swashbuckle.AspNetCore.Swagger.SwaggerMiddleware.Invoke(HttpContext httpContext, ISwaggerProvider swaggerProvider)
   at Microsoft.AspNetCore.Diagnostics.DeveloperExceptionPageMiddleware.Invoke(HttpContext context)
         Additional Info: An unhandled exception has occurred while executing the request.


-------------- Error (2022-02-23 17:08:55.9125) --------------

         Call Site: Microsoft.AspNetCore.Diagnostics.DeveloperExceptionPageMiddleware.Invoke
         Exception Type: System.ArgumentOutOfRangeException
         Exception Message: Width must be greater than 0! (Parameter 'width')
         Stack Trace:    at PackageTrackingApp.Core.Domains.Package.SetWidth(Single width) in C:\Users\dravi\source\repos\PackageTrackingApp\PackageTrackingApp\Domain\Package.cs:line 93
   at PackageTrackingApp.Core.Domains.Package..ctor(Guid customerGuid, Guid sellerGuid, String name, Single weight, Single height, Single length, Single width) in C:\Users\dravi\source\repos\PackageTrackingApp\PackageTrackingApp\Domain\Package.cs:line 63
   at lambda_method437(Closure , CreatePackage , Package , ResolutionContext )
   at AutoMapper.Mapper.MapCore[TSource,TDestination](TSource source, TDestination destination, ResolutionContext context, Type sourceType, Type destinationType, IMemberMap memberMap)
   at AutoMapper.Mapper.Map[TSource,TDestination](TSource source, TDestination destination)
   at AutoMapper.Mapper.Map[TSource,TDestination](TSource source)
   at PackageTrackingApp.Infrastructure.Services.PackageService.AddAsync(CreatePackage packageDto) in C:\Users\dravi\source\repos\PackageTrackingApp\PackageTrackingApp.Infrastructure\Services\PackageService.cs:line 34
   at PackageTrackingApp.Infrastructure.Handlers.CreatePackageHandler.HandleAsync(CreatePackage command) in C:\Users\dravi\source\repos\PackageTrackingApp\PackageTrackingApp.Infrastructure\Handlers\CreatePackageHandler.cs:line 22
   at PackageTrackingApp.Infrastructure.Commands.CommandDispatcher.DispatchAsync[T](T command) in C:\Users\dravi\source\repos\PackageTrackingApp\PackageTrackingApp.Infrastructure\Commands\CommandDispatcher.cs:line 29
   at PackageTrackingApp.Api.Controllers.PackageController.Post(CreatePackage package) in C:\Users\dravi\source\repos\PackageTrackingApp\PackageTrackingApp.Api\Controllers\PackageController.cs:line 30
   at lambda_method432(Closure , Object )
   at Microsoft.AspNetCore.Mvc.Infrastructure.ActionMethodExecutor.AwaitableObjectResultExecutor.Execute(IActionResultTypeMapper mapper, ObjectMethodExecutor executor, Object controller, Object[] arguments)
   at Microsoft.AspNetCore.Mvc.Infrastructure.ControllerActionInvoker.<InvokeActionMethodAsync>g__Awaited|12_0(ControllerActionInvoker invoker, ValueTask`1 actionResultValueTask)
   at Microsoft.AspNetCore.Mvc.Infrastructure.ControllerActionInvoker.<InvokeNextActionFilterAsync>g__Awaited|10_0(ControllerActionInvoker invoker, Task lastTask, State next, Scope scope, Object state, Boolean isCompleted)
   at Microsoft.AspNetCore.Mvc.Infrastructure.ControllerActionInvoker.Rethrow(ActionExecutedContextSealed context)
   at Microsoft.AspNetCore.Mvc.Infrastructure.ControllerActionInvoker.Next(State& next, Scope& scope, Object& state, Boolean& isCompleted)
   at Microsoft.AspNetCore.Mvc.Infrastructure.ControllerActionInvoker.InvokeInnerFilterAsync()
--- End of stack trace from previous location ---
   at Microsoft.AspNetCore.Mvc.Infrastructure.ResourceInvoker.<InvokeFilterPipelineAsync>g__Awaited|19_0(ResourceInvoker invoker, Task lastTask, State next, Scope scope, Object state, Boolean isCompleted)
   at Microsoft.AspNetCore.Mvc.Infrastructure.ResourceInvoker.<InvokeAsync>g__Awaited|17_0(ResourceInvoker invoker, Task task, IDisposable scope)
   at Microsoft.AspNetCore.Routing.EndpointMiddleware.<Invoke>g__AwaitRequestTask|6_0(Endpoint endpoint, Task requestTask, ILogger logger)
   at Microsoft.AspNetCore.Authorization.AuthorizationMiddleware.Invoke(HttpContext context)
   at Swashbuckle.AspNetCore.SwaggerUI.SwaggerUIMiddleware.Invoke(HttpContext httpContext)
   at Swashbuckle.AspNetCore.Swagger.SwaggerMiddleware.Invoke(HttpContext httpContext, ISwaggerProvider swaggerProvider)
   at Microsoft.AspNetCore.Diagnostics.DeveloperExceptionPageMiddleware.Invoke(HttpContext context)
         Additional Info: An unhandled exception has occurred while executing the request.


-------------- Error (2022-02-23 17:15:10.6703) --------------

         Call Site: Microsoft.AspNetCore.Diagnostics.DeveloperExceptionPageMiddleware.Invoke
         Exception Type: System.Exception
         Exception Message: Email is not valid.
         Stack Trace:    at PackageTrackingApp.Core.Domains.User.SetEmail(String email) in C:\Users\dravi\source\repos\PackageTrackingApp\PackageTrackingApp\Domain\User.cs:line 105
   at PackageTrackingApp.Core.Domains.User..ctor(String email, String login, String role, String password, String confirmPassword) in C:\Users\dravi\source\repos\PackageTrackingApp\PackageTrackingApp\Domain\User.cs:line 35
   at PackageTrackingApp.Infrastructure.Services.UserService.RegisterAsync(String email, String login, String password, String confirmPassword) in C:\Users\dravi\source\repos\PackageTrackingApp\PackageTrackingApp.Infrastructure\Services\UserService.cs:line 69
   at PackageTrackingApp.Infrastructure.Handlers.RegisterUserHandler.HandleAsync(RegisterUser command) in C:\Users\dravi\source\repos\PackageTrackingApp\PackageTrackingApp.Infrastructure\Handlers\RegisterUserHandler.cs:line 22
   at PackageTrackingApp.Infrastructure.Commands.CommandDispatcher.DispatchAsync[T](T command) in C:\Users\dravi\source\repos\PackageTrackingApp\PackageTrackingApp.Infrastructure\Commands\CommandDispatcher.cs:line 29
   at PackageTrackingApp.Api.Controllers.UserController.RegisterAsync(RegisterUser command) in C:\Users\dravi\source\repos\PackageTrackingApp\PackageTrackingApp.Api\Controllers\UserController.cs:line 28
   at lambda_method520(Closure , Object )
   at Microsoft.AspNetCore.Mvc.Infrastructure.ActionMethodExecutor.TaskOfActionResultExecutor.Execute(IActionResultTypeMapper mapper, ObjectMethodExecutor executor, Object controller, Object[] arguments)
   at Microsoft.AspNetCore.Mvc.Infrastructure.ControllerActionInvoker.<InvokeActionMethodAsync>g__Awaited|12_0(ControllerActionInvoker invoker, ValueTask`1 actionResultValueTask)
   at Microsoft.AspNetCore.Mvc.Infrastructure.ControllerActionInvoker.<InvokeNextActionFilterAsync>g__Awaited|10_0(ControllerActionInvoker invoker, Task lastTask, State next, Scope scope, Object state, Boolean isCompleted)
   at Microsoft.AspNetCore.Mvc.Infrastructure.ControllerActionInvoker.Rethrow(ActionExecutedContextSealed context)
   at Microsoft.AspNetCore.Mvc.Infrastructure.ControllerActionInvoker.Next(State& next, Scope& scope, Object& state, Boolean& isCompleted)
   at Microsoft.AspNetCore.Mvc.Infrastructure.ControllerActionInvoker.InvokeInnerFilterAsync()
--- End of stack trace from previous location ---
   at Microsoft.AspNetCore.Mvc.Infrastructure.ResourceInvoker.<InvokeFilterPipelineAsync>g__Awaited|19_0(ResourceInvoker invoker, Task lastTask, State next, Scope scope, Object state, Boolean isCompleted)
   at Microsoft.AspNetCore.Mvc.Infrastructure.ResourceInvoker.<InvokeAsync>g__Awaited|17_0(ResourceInvoker invoker, Task task, IDisposable scope)
   at Microsoft.AspNetCore.Routing.EndpointMiddleware.<Invoke>g__AwaitRequestTask|6_0(Endpoint endpoint, Task requestTask, ILogger logger)
   at Microsoft.AspNetCore.Authorization.AuthorizationMiddleware.Invoke(HttpContext context)
   at Swashbuckle.AspNetCore.SwaggerUI.SwaggerUIMiddleware.Invoke(HttpContext httpContext)
   at Swashbuckle.AspNetCore.Swagger.SwaggerMiddleware.Invoke(HttpContext httpContext, ISwaggerProvider swaggerProvider)
   at Microsoft.AspNetCore.Diagnostics.DeveloperExceptionPageMiddleware.Invoke(HttpContext context)
         Additional Info: An unhandled exception has occurred while executing the request.


-------------- Error (2022-02-23 17:15:18.8443) --------------

         Call Site: Microsoft.AspNetCore.Diagnostics.DeveloperExceptionPageMiddleware.Invoke
         Exception Type: System.Exception
         Exception Message: Please choose a stronger password
         Stack Trace:    at PackageTrackingApp.Core.Domains.User.SetPassword(String password, String confirmPassword) in C:\Users\dravi\source\repos\PackageTrackingApp\PackageTrackingApp\Domain\User.cs:line 69
   at PackageTrackingApp.Core.Domains.User..ctor(String email, String login, String role, String password, String confirmPassword) in C:\Users\dravi\source\repos\PackageTrackingApp\PackageTrackingApp\Domain\User.cs:line 37
   at PackageTrackingApp.Infrastructure.Services.UserService.RegisterAsync(String email, String login, String password, String confirmPassword) in C:\Users\dravi\source\repos\PackageTrackingApp\PackageTrackingApp.Infrastructure\Services\UserService.cs:line 69
   at PackageTrackingApp.Infrastructure.Handlers.RegisterUserHandler.HandleAsync(RegisterUser command) in C:\Users\dravi\source\repos\PackageTrackingApp\PackageTrackingApp.Infrastructure\Handlers\RegisterUserHandler.cs:line 22
   at PackageTrackingApp.Infrastructure.Commands.CommandDispatcher.DispatchAsync[T](T command) in C:\Users\dravi\source\repos\PackageTrackingApp\PackageTrackingApp.Infrastructure\Commands\CommandDispatcher.cs:line 29
   at PackageTrackingApp.Api.Controllers.UserController.RegisterAsync(RegisterUser command) in C:\Users\dravi\source\repos\PackageTrackingApp\PackageTrackingApp.Api\Controllers\UserController.cs:line 28
   at lambda_method520(Closure , Object )
   at Microsoft.AspNetCore.Mvc.Infrastructure.ActionMethodExecutor.TaskOfActionResultExecutor.Execute(IActionResultTypeMapper mapper, ObjectMethodExecutor executor, Object controller, Object[] arguments)
   at Microsoft.AspNetCore.Mvc.Infrastructure.ControllerActionInvoker.<InvokeActionMethodAsync>g__Awaited|12_0(ControllerActionInvoker invoker, ValueTask`1 actionResultValueTask)
   at Microsoft.AspNetCore.Mvc.Infrastructure.ControllerActionInvoker.<InvokeNextActionFilterAsync>g__Awaited|10_0(ControllerActionInvoker invoker, Task lastTask, State next, Scope scope, Object state, Boolean isCompleted)
   at Microsoft.AspNetCore.Mvc.Infrastructure.ControllerActionInvoker.Rethrow(ActionExecutedContextSealed context)
   at Microsoft.AspNetCore.Mvc.Infrastructure.ControllerActionInvoker.Next(State& next, Scope& scope, Object& state, Boolean& isCompleted)
   at Microsoft.AspNetCore.Mvc.Infrastructure.ControllerActionInvoker.InvokeInnerFilterAsync()
--- End of stack trace from previous location ---
   at Microsoft.AspNetCore.Mvc.Infrastructure.ResourceInvoker.<InvokeFilterPipelineAsync>g__Awaited|19_0(ResourceInvoker invoker, Task lastTask, State next, Scope scope, Object state, Boolean isCompleted)
   at Microsoft.AspNetCore.Mvc.Infrastructure.ResourceInvoker.<InvokeAsync>g__Awaited|17_0(ResourceInvoker invoker, Task task, IDisposable scope)
   at Microsoft.AspNetCore.Routing.EndpointMiddleware.<Invoke>g__AwaitRequestTask|6_0(Endpoint endpoint, Task requestTask, ILogger logger)
   at Microsoft.AspNetCore.Authorization.AuthorizationMiddleware.Invoke(HttpContext context)
   at Swashbuckle.AspNetCore.SwaggerUI.SwaggerUIMiddleware.Invoke(HttpContext httpContext)
   at Swashbuckle.AspNetCore.Swagger.SwaggerMiddleware.Invoke(HttpContext httpContext, ISwaggerProvider swaggerProvider)
   at Microsoft.AspNetCore.Diagnostics.DeveloperExceptionPageMiddleware.Invoke(HttpContext context)
         Additional Info: An unhandled exception has occurred while executing the request.


-------------- Error (2022-02-23 17:15:23.5735) --------------

         Call Site: Microsoft.AspNetCore.Diagnostics.DeveloperExceptionPageMiddleware.Invoke
         Exception Type: System.Exception
         Exception Message: Passwords do not match!
         Stack Trace:    at PackageTrackingApp.Core.Domains.User.SetPassword(String password, String confirmPassword) in C:\Users\dravi\source\repos\PackageTrackingApp\PackageTrackingApp\Domain\User.cs:line 74
   at PackageTrackingApp.Core.Domains.User..ctor(String email, String login, String role, String password, String confirmPassword) in C:\Users\dravi\source\repos\PackageTrackingApp\PackageTrackingApp\Domain\User.cs:line 37
   at PackageTrackingApp.Infrastructure.Services.UserService.RegisterAsync(String email, String login, String password, String confirmPassword) in C:\Users\dravi\source\repos\PackageTrackingApp\PackageTrackingApp.Infrastructure\Services\UserService.cs:line 69
   at PackageTrackingApp.Infrastructure.Handlers.RegisterUserHandler.HandleAsync(RegisterUser command) in C:\Users\dravi\source\repos\PackageTrackingApp\PackageTrackingApp.Infrastructure\Handlers\RegisterUserHandler.cs:line 22
   at PackageTrackingApp.Infrastructure.Commands.CommandDispatcher.DispatchAsync[T](T command) in C:\Users\dravi\source\repos\PackageTrackingApp\PackageTrackingApp.Infrastructure\Commands\CommandDispatcher.cs:line 29
   at PackageTrackingApp.Api.Controllers.UserController.RegisterAsync(RegisterUser command) in C:\Users\dravi\source\repos\PackageTrackingApp\PackageTrackingApp.Api\Controllers\UserController.cs:line 28
   at lambda_method520(Closure , Object )
   at Microsoft.AspNetCore.Mvc.Infrastructure.ActionMethodExecutor.TaskOfActionResultExecutor.Execute(IActionResultTypeMapper mapper, ObjectMethodExecutor executor, Object controller, Object[] arguments)
   at Microsoft.AspNetCore.Mvc.Infrastructure.ControllerActionInvoker.<InvokeActionMethodAsync>g__Awaited|12_0(ControllerActionInvoker invoker, ValueTask`1 actionResultValueTask)
   at Microsoft.AspNetCore.Mvc.Infrastructure.ControllerActionInvoker.<InvokeNextActionFilterAsync>g__Awaited|10_0(ControllerActionInvoker invoker, Task lastTask, State next, Scope scope, Object state, Boolean isCompleted)
   at Microsoft.AspNetCore.Mvc.Infrastructure.ControllerActionInvoker.Rethrow(ActionExecutedContextSealed context)
   at Microsoft.AspNetCore.Mvc.Infrastructure.ControllerActionInvoker.Next(State& next, Scope& scope, Object& state, Boolean& isCompleted)
   at Microsoft.AspNetCore.Mvc.Infrastructure.ControllerActionInvoker.InvokeInnerFilterAsync()
--- End of stack trace from previous location ---
   at Microsoft.AspNetCore.Mvc.Infrastructure.ResourceInvoker.<InvokeFilterPipelineAsync>g__Awaited|19_0(ResourceInvoker invoker, Task lastTask, State next, Scope scope, Object state, Boolean isCompleted)
   at Microsoft.AspNetCore.Mvc.Infrastructure.ResourceInvoker.<InvokeAsync>g__Awaited|17_0(ResourceInvoker invoker, Task task, IDisposable scope)
   at Microsoft.AspNetCore.Routing.EndpointMiddleware.<Invoke>g__AwaitRequestTask|6_0(Endpoint endpoint, Task requestTask, ILogger logger)
   at Microsoft.AspNetCore.Authorization.AuthorizationMiddleware.Invoke(HttpContext context)
   at Swashbuckle.AspNetCore.SwaggerUI.SwaggerUIMiddleware.Invoke(HttpContext httpContext)
   at Swashbuckle.AspNetCore.Swagger.SwaggerMiddleware.Invoke(HttpContext httpContext, ISwaggerProvider swaggerProvider)
   at Microsoft.AspNetCore.Diagnostics.DeveloperExceptionPageMiddleware.Invoke(HttpContext context)
         Additional Info: An unhandled exception has occurred while executing the request.


-------------- Fatal (2022-02-23 17:20:08.2671) --------------

         Call Site: Microsoft.AspNetCore.Hosting.HostingLoggerExtensions.ApplicationError
         Exception Type: System.Exception
         Exception Message: Could not resolve a service of type 'PackageTrackingApp.Infrastructure.Services.IDataInitializer' for the parameter 'dataInitializer' of method 'Configure' on type 'PackageTrackingApp.Api.Startup'.
         Stack Trace:    at Microsoft.AspNetCore.Hosting.ConfigureBuilder.Invoke(Object instance, IApplicationBuilder builder)
   at Microsoft.AspNetCore.Hosting.ConfigureBuilder.<>c__DisplayClass4_0.<Build>b__0(IApplicationBuilder builder)
   at Microsoft.AspNetCore.Hosting.GenericWebHostBuilder.<>c__DisplayClass15_0.<UseStartup>b__1(IApplicationBuilder app)
   at Microsoft.AspNetCore.Mvc.Filters.MiddlewareFilterBuilderStartupFilter.<>c__DisplayClass0_0.<Configure>g__MiddlewareFilterBuilder|0(IApplicationBuilder builder)
   at Microsoft.AspNetCore.Server.IIS.Core.IISServerSetupFilter.<>c__DisplayClass2_0.<Configure>b__0(IApplicationBuilder app)
   at Microsoft.AspNetCore.HostFilteringStartupFilter.<>c__DisplayClass0_0.<Configure>b__0(IApplicationBuilder app)
   at Microsoft.WebTools.BrowserLink.Net.HostingStartup.<>c__DisplayClass1_0.<Configure>b__0(IApplicationBuilder app)
   at Microsoft.AspNetCore.Watch.BrowserRefresh.HostingStartup.<>c__DisplayClass1_0.<Configure>b__0(IApplicationBuilder app)
   at Microsoft.AspNetCore.Hosting.GenericWebHostService.StartAsync(CancellationToken cancellationToken)
         Additional Info: Application startup exception


-------------- Error (2022-02-23 17:20:08.3760) --------------

         Call Site: PackageTrackingApp.Api.Program.Main
         Exception Type: System.Exception
         Exception Message: Could not resolve a service of type 'PackageTrackingApp.Infrastructure.Services.IDataInitializer' for the parameter 'dataInitializer' of method 'Configure' on type 'PackageTrackingApp.Api.Startup'.
         Stack Trace:    at Microsoft.AspNetCore.Hosting.ConfigureBuilder.Invoke(Object instance, IApplicationBuilder builder)
   at Microsoft.AspNetCore.Hosting.ConfigureBuilder.<>c__DisplayClass4_0.<Build>b__0(IApplicationBuilder builder)
   at Microsoft.AspNetCore.Hosting.GenericWebHostBuilder.<>c__DisplayClass15_0.<UseStartup>b__1(IApplicationBuilder app)
   at Microsoft.AspNetCore.Mvc.Filters.MiddlewareFilterBuilderStartupFilter.<>c__DisplayClass0_0.<Configure>g__MiddlewareFilterBuilder|0(IApplicationBuilder builder)
   at Microsoft.AspNetCore.Server.IIS.Core.IISServerSetupFilter.<>c__DisplayClass2_0.<Configure>b__0(IApplicationBuilder app)
   at Microsoft.AspNetCore.HostFilteringStartupFilter.<>c__DisplayClass0_0.<Configure>b__0(IApplicationBuilder app)
   at Microsoft.WebTools.BrowserLink.Net.HostingStartup.<>c__DisplayClass1_0.<Configure>b__0(IApplicationBuilder app)
   at Microsoft.AspNetCore.Watch.BrowserRefresh.HostingStartup.<>c__DisplayClass1_0.<Configure>b__0(IApplicationBuilder app)
   at Microsoft.AspNetCore.Hosting.GenericWebHostService.StartAsync(CancellationToken cancellationToken)
   at Microsoft.Extensions.Hosting.Internal.Host.StartAsync(CancellationToken cancellationToken)
   at Microsoft.Extensions.Hosting.HostingAbstractionsHostExtensions.RunAsync(IHost host, CancellationToken token)
   at Microsoft.Extensions.Hosting.HostingAbstractionsHostExtensions.RunAsync(IHost host, CancellationToken token)
   at Microsoft.Extensions.Hosting.HostingAbstractionsHostExtensions.Run(IHost host)
   at PackageTrackingApp.Api.Program.Main(String[] args) in C:\Users\dravi\source\repos\PackageTrackingApp\PackageTrackingApp.Api\Program.cs:line 24
         Additional Info: Error init


-------------- Error (2022-02-23 19:06:42.6633) --------------

         Call Site: Microsoft.EntityFrameworkCore.Diagnostics.EventDefinition`6.Log
         Exception Type: 
         Exception Message: 
         Stack Trace: 
         Additional Info: Failed executing DbCommand (3ms) [Parameters=[], CommandType='Text', CommandTimeout='30']
CREATE TABLE [Addresses] (
    [Guid] uniqueidentifier NOT NULL,
    [Country] nvarchar(max) NULL,
    [PostalCode] nvarchar(max) NULL,
    [City] nvarchar(max) NULL,
    [Street] nvarchar(max) NULL,
    [StreetNumber] int NOT NULL,
    CONSTRAINT [PK_Addresses] PRIMARY KEY ([Guid])
);


-------------- Error (2022-02-23 19:09:15.5876) --------------

         Call Site: Microsoft.EntityFrameworkCore.Diagnostics.EventDefinition`6.Log
         Exception Type: 
         Exception Message: 
         Stack Trace: 
         Additional Info: Failed executing DbCommand (3ms) [Parameters=[], CommandType='Text', CommandTimeout='30']
CREATE TABLE [Packages] (
    [Guid] uniqueidentifier NOT NULL,
    [CustomerGuid] uniqueidentifier NOT NULL,
    [SellerGuid] uniqueidentifier NOT NULL,
    [Name] nvarchar(max) NULL,
    [IsPaid] bit NOT NULL,
    [IsDelivered] bit NOT NULL,
    [SentAt] datetime2 NULL,
    [DeliveredAt] datetime2 NULL,
    [Category] int NOT NULL,
    [Weight] real NOT NULL,
    [Height] real NOT NULL,
    [Length] real NOT NULL,
    [Width] real NOT NULL,
    CONSTRAINT [PK_Packages] PRIMARY KEY ([Guid])
);


-------------- Error (2022-02-23 19:09:53.7162) --------------

         Call Site: Microsoft.EntityFrameworkCore.Diagnostics.EventDefinition`6.Log
         Exception Type: 
         Exception Message: 
         Stack Trace: 
         Additional Info: Failed executing DbCommand (3ms) [Parameters=[], CommandType='Text', CommandTimeout='30']
CREATE TABLE [Users] (
    [Guid] uniqueidentifier NOT NULL,
    [Login] nvarchar(max) NULL,
    [Password] nvarchar(max) NULL,
    [Username] nvarchar(max) NULL,
    [Role] nvarchar(max) NULL,
    [Email] nvarchar(max) NULL,
    [DateOfBirth] datetime2 NOT NULL,
    [CreatedAt] datetime2 NOT NULL,
    [LastUpdated] datetime2 NOT NULL,
    CONSTRAINT [PK_Users] PRIMARY KEY ([Guid])
);

